{"total": {"lines":{"total":59,"covered":48,"skipped":0,"pct":81.36},"statements":{"total":61,"covered":49,"skipped":0,"pct":80.33},"functions":{"total":10,"covered":9,"skipped":0,"pct":90},"branches":{"total":10,"covered":5,"skipped":0,"pct":50}}
,"/Users/teiyoshiaki/Desktop/djm/egg-simple/app/router.js": {"lines":{"total":5,"covered":5,"skipped":0,"pct":100},"functions":{"total":1,"covered":1,"skipped":0,"pct":100},"statements":{"total":5,"covered":5,"skipped":0,"pct":100},"branches":{"total":0,"covered":0,"skipped":0,"pct":100}}
,"/Users/teiyoshiaki/Desktop/djm/egg-simple/app/controller/home.js": {"lines":{"total":4,"covered":4,"skipped":0,"pct":100},"functions":{"total":1,"covered":1,"skipped":0,"pct":100},"statements":{"total":4,"covered":4,"skipped":0,"pct":100},"branches":{"total":0,"covered":0,"skipped":0,"pct":100}}
,"/Users/teiyoshiaki/Desktop/djm/egg-simple/app/controller/user.js": {"lines":{"total":34,"covered":23,"skipped":0,"pct":67.65},"functions":{"total":6,"covered":5,"skipped":0,"pct":83.33},"statements":{"total":36,"covered":24,"skipped":0,"pct":66.67},"branches":{"total":10,"covered":5,"skipped":0,"pct":50}}
,"/Users/teiyoshiaki/Desktop/djm/egg-simple/app/model/user.js": {"lines":{"total":4,"covered":4,"skipped":0,"pct":100},"functions":{"total":1,"covered":1,"skipped":0,"pct":100},"statements":{"total":4,"covered":4,"skipped":0,"pct":100},"branches":{"total":0,"covered":0,"skipped":0,"pct":100}}
,"/Users/teiyoshiaki/Desktop/djm/egg-simple/app/service/user.js": {"lines":{"total":0,"covered":0,"skipped":0,"pct":100},"functions":{"total":0,"covered":0,"skipped":0,"pct":100},"statements":{"total":0,"covered":0,"skipped":0,"pct":100},"branches":{"total":0,"covered":0,"skipped":0,"pct":100}}
,"/Users/teiyoshiaki/Desktop/djm/egg-simple/config/config.default.js": {"lines":{"total":8,"covered":8,"skipped":0,"pct":100},"functions":{"total":1,"covered":1,"skipped":0,"pct":100},"statements":{"total":8,"covered":8,"skipped":0,"pct":100},"branches":{"total":0,"covered":0,"skipped":0,"pct":100}}
,"/Users/teiyoshiaki/Desktop/djm/egg-simple/config/config.unittest.js": {"lines":{"total":1,"covered":1,"skipped":0,"pct":100},"functions":{"total":0,"covered":0,"skipped":0,"pct":100},"statements":{"total":1,"covered":1,"skipped":0,"pct":100},"branches":{"total":0,"covered":0,"skipped":0,"pct":100}}
,"/Users/teiyoshiaki/Desktop/djm/egg-simple/config/plugin.js": {"lines":{"total":3,"covered":3,"skipped":0,"pct":100},"functions":{"total":0,"covered":0,"skipped":0,"pct":100},"statements":{"total":3,"covered":3,"skipped":0,"pct":100},"branches":{"total":0,"covered":0,"skipped":0,"pct":100}}
}
