{"/Users/teiyoshiaki/Desktop/djm/egg-simple/app/router.js": {"path":"/Users/teiyoshiaki/Desktop/djm/egg-simple/app/router.js","statementMap":{"0":{"start":{"line":14,"column":0},"end":{"line":22,"column":2}},"1":{"start":{"line":15,"column":33},"end":{"line":15,"column":36}},"2":{"start":{"line":16,"column":2},"end":{"line":16,"column":41}},"3":{"start":{"line":17,"column":2},"end":{"line":17,"column":53}},"4":{"start":{"line":19,"column":2},"end":{"line":19,"column":31}}},"fnMap":{"0":{"name":"(anonymous_0)","decl":{"start":{"line":14,"column":17},"end":{"line":14,"column":18}},"loc":{"start":{"line":14,"column":24},"end":{"line":22,"column":1}},"line":14}},"branchMap":{},"s":{"0":1,"1":1,"2":1,"3":1,"4":1},"f":{"0":1},"b":{},"_coverageSchema":"43e27e138ebf9cfc5966b082cf9a028302ed4184","hash":"15975a20edfff54a4f1114439ac34cd26d1247b9","contentHash":"b4725e010b1598360b82b2e9556f4f6a9ee4975d3519806d6d688ece527a7077"}
,"/Users/teiyoshiaki/Desktop/djm/egg-simple/app/controller/home.js": {"path":"/Users/teiyoshiaki/Desktop/djm/egg-simple/app/controller/home.js","statementMap":{"0":{"start":{"line":3,"column":19},"end":{"line":3,"column":44}},"1":{"start":{"line":7,"column":20},"end":{"line":7,"column":24}},"2":{"start":{"line":8,"column":4},"end":{"line":8,"column":25}},"3":{"start":{"line":12,"column":0},"end":{"line":12,"column":32}}},"fnMap":{"0":{"name":"(anonymous_0)","decl":{"start":{"line":6,"column":2},"end":{"line":6,"column":3}},"loc":{"start":{"line":6,"column":16},"end":{"line":9,"column":3}},"line":6}},"branchMap":{},"s":{"0":1,"1":1,"2":1,"3":1},"f":{"0":1},"b":{},"_coverageSchema":"43e27e138ebf9cfc5966b082cf9a028302ed4184","hash":"6062b7e487bae11b7b75d0004f670a12a9e624e3","contentHash":"f29ed680b6039c58cdb6fa0350e68399146877b79bdc12d145ef7ad0fa6ddb03"}
,"/Users/teiyoshiaki/Desktop/djm/egg-simple/app/controller/user.js": {"path":"/Users/teiyoshiaki/Desktop/djm/egg-simple/app/controller/user.js","statementMap":{"0":{"start":{"line":10,"column":19},"end":{"line":10,"column":44}},"1":{"start":{"line":13,"column":2},"end":{"line":13,"column":42}},"2":{"start":{"line":13,"column":31},"end":{"line":13,"column":42}},"3":{"start":{"line":14,"column":2},"end":{"line":14,"column":23}},"4":{"start":{"line":14,"column":12},"end":{"line":14,"column":23}},"5":{"start":{"line":15,"column":2},"end":{"line":15,"column":32}},"6":{"start":{"line":20,"column":16},"end":{"line":20,"column":24}},"7":{"start":{"line":21,"column":18},"end":{"line":21,"column":84}},"8":{"start":{"line":22,"column":4},"end":{"line":22,"column":51}},"9":{"start":{"line":27,"column":16},"end":{"line":27,"column":24}},"10":{"start":{"line":28,"column":17},"end":{"line":28,"column":68}},"11":{"start":{"line":29,"column":4},"end":{"line":29,"column":22}},"12":{"start":{"line":30,"column":4},"end":{"line":30,"column":20}},"13":{"start":{"line":34,"column":16},"end":{"line":34,"column":24}},"14":{"start":{"line":35,"column":42},"end":{"line":35,"column":58}},"15":{"start":{"line":36,"column":17},"end":{"line":36,"column":75}},"16":{"start":{"line":37,"column":4},"end":{"line":37,"column":21}},"17":{"start":{"line":38,"column":4},"end":{"line":38,"column":20}},"18":{"start":{"line":42,"column":16},"end":{"line":42,"column":24}},"19":{"start":{"line":43,"column":15},"end":{"line":43,"column":35}},"20":{"start":{"line":44,"column":17},"end":{"line":44,"column":50}},"21":{"start":{"line":45,"column":4},"end":{"line":48,"column":5}},"22":{"start":{"line":46,"column":6},"end":{"line":46,"column":23}},"23":{"start":{"line":47,"column":6},"end":{"line":47,"column":13}},"24":{"start":{"line":50,"column":42},"end":{"line":50,"column":58}},"25":{"start":{"line":51,"column":4},"end":{"line":51,"column":53}},"26":{"start":{"line":52,"column":4},"end":{"line":52,"column":20}},"27":{"start":{"line":56,"column":16},"end":{"line":56,"column":24}},"28":{"start":{"line":57,"column":15},"end":{"line":57,"column":35}},"29":{"start":{"line":58,"column":17},"end":{"line":58,"column":50}},"30":{"start":{"line":59,"column":4},"end":{"line":62,"column":5}},"31":{"start":{"line":60,"column":6},"end":{"line":60,"column":23}},"32":{"start":{"line":61,"column":6},"end":{"line":61,"column":13}},"33":{"start":{"line":64,"column":4},"end":{"line":64,"column":25}},"34":{"start":{"line":65,"column":4},"end":{"line":65,"column":21}},"35":{"start":{"line":69,"column":0},"end":{"line":69,"column":32}}},"fnMap":{"0":{"name":"toInt","decl":{"start":{"line":12,"column":9},"end":{"line":12,"column":14}},"loc":{"start":{"line":12,"column":20},"end":{"line":16,"column":1}},"line":12},"1":{"name":"(anonymous_1)","decl":{"start":{"line":19,"column":2},"end":{"line":19,"column":3}},"loc":{"start":{"line":19,"column":16},"end":{"line":23,"column":3}},"line":19},"2":{"name":"(anonymous_2)","decl":{"start":{"line":25,"column":2},"end":{"line":25,"column":3}},"loc":{"start":{"line":25,"column":15},"end":{"line":31,"column":3}},"line":25},"3":{"name":"(anonymous_3)","decl":{"start":{"line":33,"column":2},"end":{"line":33,"column":3}},"loc":{"start":{"line":33,"column":17},"end":{"line":39,"column":3}},"line":33},"4":{"name":"(anonymous_4)","decl":{"start":{"line":41,"column":2},"end":{"line":41,"column":3}},"loc":{"start":{"line":41,"column":17},"end":{"line":53,"column":3}},"line":41},"5":{"name":"(anonymous_5)","decl":{"start":{"line":55,"column":2},"end":{"line":55,"column":3}},"loc":{"start":{"line":55,"column":18},"end":{"line":66,"column":3}},"line":55}},"branchMap":{"0":{"loc":{"start":{"line":13,"column":2},"end":{"line":13,"column":42}},"type":"if","locations":[{"start":{"line":13,"column":2},"end":{"line":13,"column":42}},{"start":{"line":13,"column":2},"end":{"line":13,"column":42}}],"line":13},"1":{"loc":{"start":{"line":14,"column":2},"end":{"line":14,"column":23}},"type":"if","locations":[{"start":{"line":14,"column":2},"end":{"line":14,"column":23}},{"start":{"line":14,"column":2},"end":{"line":14,"column":23}}],"line":14},"2":{"loc":{"start":{"line":15,"column":9},"end":{"line":15,"column":31}},"type":"binary-expr","locations":[{"start":{"line":15,"column":9},"end":{"line":15,"column":26}},{"start":{"line":15,"column":30},"end":{"line":15,"column":31}}],"line":15},"3":{"loc":{"start":{"line":45,"column":4},"end":{"line":48,"column":5}},"type":"if","locations":[{"start":{"line":45,"column":4},"end":{"line":48,"column":5}},{"start":{"line":45,"column":4},"end":{"line":48,"column":5}}],"line":45},"4":{"loc":{"start":{"line":59,"column":4},"end":{"line":62,"column":5}},"type":"if","locations":[{"start":{"line":59,"column":4},"end":{"line":62,"column":5}},{"start":{"line":59,"column":4},"end":{"line":62,"column":5}}],"line":59}},"s":{"0":1,"1":5,"2":0,"3":5,"4":1,"5":4,"6":1,"7":1,"8":1,"9":2,"10":2,"11":2,"12":2,"13":1,"14":1,"15":1,"16":1,"17":1,"18":0,"19":0,"20":0,"21":0,"22":0,"23":0,"24":0,"25":0,"26":0,"27":1,"28":1,"29":1,"30":1,"31":0,"32":0,"33":1,"34":1,"35":1},"f":{"0":5,"1":1,"2":2,"3":1,"4":0,"5":1},"b":{"0":[0,5],"1":[1,4],"2":[4,0],"3":[0,0],"4":[0,1]},"_coverageSchema":"43e27e138ebf9cfc5966b082cf9a028302ed4184","hash":"ff97d2905e309b299e3cf7087312e7f33d43ac5f","contentHash":"7bfc8ca60b9cca0fb2d057bad0f650ec3d874d6c432e68fd1a93d96e6427edb7"}
,"/Users/teiyoshiaki/Desktop/djm/egg-simple/app/model/user.js": {"path":"/Users/teiyoshiaki/Desktop/djm/egg-simple/app/model/user.js","statementMap":{"0":{"start":{"line":10,"column":0},"end":{"line":34,"column":2}},"1":{"start":{"line":11,"column":36},"end":{"line":11,"column":49}},"2":{"start":{"line":13,"column":15},"end":{"line":32,"column":4}},"3":{"start":{"line":33,"column":2},"end":{"line":33,"column":14}}},"fnMap":{"0":{"name":"(anonymous_0)","decl":{"start":{"line":10,"column":17},"end":{"line":10,"column":18}},"loc":{"start":{"line":10,"column":24},"end":{"line":34,"column":1}},"line":10}},"branchMap":{},"s":{"0":1,"1":2,"2":2,"3":2},"f":{"0":2},"b":{},"_coverageSchema":"43e27e138ebf9cfc5966b082cf9a028302ed4184","hash":"60c4266fbb9abf5deb356f91d96fc0c8c3306d2f","contentHash":"e7addeecc3dbd2c978db43e6a6a8f0b93510208b5d00d4b2e33a3d09f99450e5"}
,"/Users/teiyoshiaki/Desktop/djm/egg-simple/app/service/user.js": {"path":"/Users/teiyoshiaki/Desktop/djm/egg-simple/app/service/user.js","statementMap":{},"fnMap":{},"branchMap":{},"s":{},"f":{},"b":{},"_coverageSchema":"43e27e138ebf9cfc5966b082cf9a028302ed4184","hash":"71f96e9c795fecaf1950d0fd6ae4c03cef710c28","contentHash":"17080c27c185f9f76ca08f4feef1b2f15f08a9868240f303ff2ff69625d108e8"}
,"/Users/teiyoshiaki/Desktop/djm/egg-simple/config/config.default.js": {"path":"/Users/teiyoshiaki/Desktop/djm/egg-simple/config/config.default.js","statementMap":{"0":{"start":{"line":16,"column":0},"end":{"line":54,"column":2}},"1":{"start":{"line":21,"column":17},"end":{"line":21,"column":29}},"2":{"start":{"line":22,"column":2},"end":{"line":32,"column":4}},"3":{"start":{"line":33,"column":2},"end":{"line":38,"column":4}},"4":{"start":{"line":40,"column":2},"end":{"line":40,"column":53}},"5":{"start":{"line":43,"column":2},"end":{"line":43,"column":25}},"6":{"start":{"line":46,"column":21},"end":{"line":48,"column":3}},"7":{"start":{"line":50,"column":2},"end":{"line":53,"column":4}}},"fnMap":{"0":{"name":"(anonymous_0)","decl":{"start":{"line":16,"column":17},"end":{"line":16,"column":18}},"loc":{"start":{"line":16,"column":28},"end":{"line":54,"column":1}},"line":16}},"branchMap":{},"s":{"0":1,"1":4,"2":4,"3":4,"4":4,"5":4,"6":4,"7":4},"f":{"0":4},"b":{},"_coverageSchema":"43e27e138ebf9cfc5966b082cf9a028302ed4184","hash":"161b36e77ffab010a5ba8909f92cbf1ac18cca5f","contentHash":"b432811cf31a05c89ea7e38dbbeeb505d7c7f9394e57427fc7180654190ecfc3"}
,"/Users/teiyoshiaki/Desktop/djm/egg-simple/config/config.unittest.js": {"path":"/Users/teiyoshiaki/Desktop/djm/egg-simple/config/config.unittest.js","statementMap":{"0":{"start":{"line":12,"column":0},"end":{"line":22,"column":2}}},"fnMap":{},"branchMap":{},"s":{"0":1},"f":{},"b":{},"_coverageSchema":"43e27e138ebf9cfc5966b082cf9a028302ed4184","hash":"b376d3b95619ee074fb6afa416aeabc18beb13a7","contentHash":"41b464c6d3fe17ea7ecad3f54151f8fe71339ec8c33414cd4514efcdaf170ef1"}
,"/Users/teiyoshiaki/Desktop/djm/egg-simple/config/plugin.js": {"path":"/Users/teiyoshiaki/Desktop/djm/egg-simple/config/plugin.js","statementMap":{"0":{"start":{"line":12,"column":0},"end":{"line":15,"column":2}},"1":{"start":{"line":17,"column":0},"end":{"line":20,"column":2}},"2":{"start":{"line":21,"column":0},"end":{"line":24,"column":2}}},"fnMap":{},"branchMap":{},"s":{"0":1,"1":1,"2":1},"f":{},"b":{},"_coverageSchema":"43e27e138ebf9cfc5966b082cf9a028302ed4184","hash":"7752fbfa29c649bc4ad502b1b0351db61d0e3dc8","contentHash":"e1cf103a027876c076ab09b6d196c8ada1e382ed84fedb574f5b904aed3d675f"}
}
