TN:
SF:/Users/teiyoshiaki/Desktop/djm/egg-simple/app/router.js
FN:14,(anonymous_0)
FNF:1
FNH:1
FNDA:1,(anonymous_0)
DA:14,1
DA:15,1
DA:16,1
DA:17,1
DA:19,1
LF:5
LH:5
BRF:0
BRH:0
end_of_record
TN:
SF:/Users/teiyoshiaki/Desktop/djm/egg-simple/app/controller/home.js
FN:6,(anonymous_0)
FNF:1
FNH:1
FNDA:1,(anonymous_0)
DA:3,1
DA:7,1
DA:8,1
DA:12,1
LF:4
LH:4
BRF:0
BRH:0
end_of_record
TN:
SF:/Users/teiyoshiaki/Desktop/djm/egg-simple/app/controller/user.js
FN:12,toInt
FN:19,(anonymous_1)
FN:25,(anonymous_2)
FN:33,(anonymous_3)
FN:41,(anonymous_4)
FN:55,(anonymous_5)
FNF:6
FNH:5
FNDA:5,toInt
FNDA:1,(anonymous_1)
FNDA:2,(anonymous_2)
FNDA:1,(anonymous_3)
FNDA:0,(anonymous_4)
FNDA:1,(anonymous_5)
DA:10,1
DA:13,5
DA:14,5
DA:15,4
DA:20,1
DA:21,1
DA:22,1
DA:27,2
DA:28,2
DA:29,2
DA:30,2
DA:34,1
DA:35,1
DA:36,1
DA:37,1
DA:38,1
DA:42,0
DA:43,0
DA:44,0
DA:45,0
DA:46,0
DA:47,0
DA:50,0
DA:51,0
DA:52,0
DA:56,1
DA:57,1
DA:58,1
DA:59,1
DA:60,0
DA:61,0
DA:64,1
DA:65,1
DA:69,1
LF:34
LH:23
BRDA:13,0,0,0
BRDA:13,0,1,5
BRDA:14,1,0,1
BRDA:14,1,1,4
BRDA:15,2,0,4
BRDA:15,2,1,0
BRDA:45,3,0,0
BRDA:45,3,1,0
BRDA:59,4,0,0
BRDA:59,4,1,1
BRF:10
BRH:5
end_of_record
TN:
SF:/Users/teiyoshiaki/Desktop/djm/egg-simple/app/model/user.js
FN:10,(anonymous_0)
FNF:1
FNH:1
FNDA:2,(anonymous_0)
DA:10,1
DA:11,2
DA:13,2
DA:33,2
LF:4
LH:4
BRF:0
BRH:0
end_of_record
TN:
SF:/Users/teiyoshiaki/Desktop/djm/egg-simple/app/service/user.js
FNF:0
FNH:0
LF:0
LH:0
BRF:0
BRH:0
end_of_record
TN:
SF:/Users/teiyoshiaki/Desktop/djm/egg-simple/config/config.default.js
FN:16,(anonymous_0)
FNF:1
FNH:1
FNDA:4,(anonymous_0)
DA:16,1
DA:21,4
DA:22,4
DA:33,4
DA:40,4
DA:43,4
DA:46,4
DA:50,4
LF:8
LH:8
BRF:0
BRH:0
end_of_record
TN:
SF:/Users/teiyoshiaki/Desktop/djm/egg-simple/config/config.unittest.js
FNF:0
FNH:0
DA:12,1
LF:1
LH:1
BRF:0
BRH:0
end_of_record
TN:
SF:/Users/teiyoshiaki/Desktop/djm/egg-simple/config/plugin.js
FNF:0
FNH:0
DA:12,1
DA:17,1
DA:21,1
LF:3
LH:3
BRF:0
BRH:0
end_of_record
